<?xml version="1.0" encoding="UTF-8"?>
<testng-results skipped="0" failed="0" ignored="0" total="1" passed="1">
  <reporter-output>
  </reporter-output>
  <suite name="Default suite" duration-ms="9211" started-at="2017-11-22T03:16:20Z" finished-at="2017-11-22T03:16:29Z">
    <groups>
    </groups>
    <test name="Default test" duration-ms="9211" started-at="2017-11-22T03:16:20Z" finished-at="2017-11-22T03:16:29Z">
      <class name="Mathi2.SeleniumTest2.DragandDropTest">
        <test-method status="PASS" signature="Draganddroptest()[pri:0, instance:Mathi2.SeleniumTest2.DragandDropTest@7d9d1a19]" name="Draganddroptest" duration-ms="9185" started-at="2017-11-22T08:46:20Z" finished-at="2017-11-22T08:46:29Z">
          <reporter-output>
          </reporter-output>
        </test-method> <!-- Draganddroptest -->
      </class> <!-- Mathi2.SeleniumTest2.DragandDropTest -->
    </test> <!-- Default test -->
  </suite> <!-- Default suite -->
</testng-results>
