<?xml version="1.0" encoding="UTF-8"?>
<testng-results skipped="0" failed="0" ignored="0" total="1" passed="1">
  <reporter-output>
  </reporter-output>
  <suite name="Test Suite" duration-ms="12738" started-at="2017-11-21T10:38:57Z" finished-at="2017-11-21T10:39:10Z">
    <groups>
    </groups>
    <test name="Sanity Test" duration-ms="12738" started-at="2017-11-21T10:38:57Z" finished-at="2017-11-21T10:39:10Z">
      <class name="Mathi2.SeleniumTest2.DownloadfilefromIE">
        <test-method status="PASS" signature="DownloadfileTest()[pri:0, instance:Mathi2.SeleniumTest2.DownloadfilefromIE@7d9d1a19]" name="DownloadfileTest" duration-ms="12711" started-at="2017-11-21T16:08:57Z" finished-at="2017-11-21T16:09:10Z">
          <reporter-output>
          </reporter-output>
        </test-method> <!-- DownloadfileTest -->
      </class> <!-- Mathi2.SeleniumTest2.DownloadfilefromIE -->
    </test> <!-- Sanity Test -->
  </suite> <!-- Test Suite -->
</testng-results>
